TN:
SF:script/DeployRegistry.s.sol
DA:9,0
FN:9,DeployRegistry.run
FNDA:0,DeployRegistry.run
DA:10,0
DA:12,0
DA:13,0
DA:15,0
DA:16,0
DA:17,0
DA:18,0
DA:19,0
DA:21,0
DA:22,0
DA:24,0
DA:25,0
DA:26,0
DA:29,0
FNF:1
FNH:0
LF:15
LH:0
BRF:0
BRH:0
end_of_record
TN:
SF:script/ExampleScript.sol
DA:12,0
FN:12,StakingScript.run
FNDA:0,StakingScript.run
DA:13,0
DA:14,0
DA:15,0
DA:17,0
DA:18,0
DA:19,0
DA:22,0
DA:25,0
DA:29,0
DA:37,0
DA:43,0
FNF:1
FNH:0
LF:12
LH:0
BRF:0
BRH:0
end_of_record
TN:
SF:src/CoreWriterLib.sol
DA:40,0
FN:40,CoreWriterLib.bridgeToCore
FNDA:0,CoreWriterLib.bridgeToCore
DA:41,0
DA:42,0
DA:45,0
FN:45,CoreWriterLib.bridgeToCore
FNDA:0,CoreWriterLib.bridgeToCore
DA:46,0
DA:47,0
BRDA:47,0,0,-
BRDA:47,0,1,-
DA:48,0
DA:49,0
BRDA:49,1,0,-
BRDA:49,1,1,-
DA:51,0
DA:52,0
DA:53,0
DA:57,0
FN:57,CoreWriterLib.bridgeToEvm
FNDA:0,CoreWriterLib.bridgeToEvm
DA:58,0
DA:59,0
DA:63,0
FN:63,CoreWriterLib.bridgeToEvm
FNDA:0,CoreWriterLib.bridgeToEvm
DA:64,0
DA:66,0
DA:67,0
BRDA:67,2,0,-
BRDA:67,2,1,-
DA:68,0
DA:69,0
BRDA:69,3,0,-
DA:71,0
BRDA:71,4,0,-
DA:72,0
DA:75,0
DA:78,0
FN:78,CoreWriterLib.spotSend
FNDA:0,CoreWriterLib.spotSend
DA:80,0
BRDA:80,5,0,-
BRDA:80,5,1,-
DA:82,0
DA:91,0
FN:91,CoreWriterLib.getSystemAddress
FNDA:0,CoreWriterLib.getSystemAddress
DA:92,0
BRDA:92,6,0,-
DA:93,0
DA:95,0
DA:98,0
FN:98,CoreWriterLib.isHype
FNDA:0,CoreWriterLib.isHype
DA:99,0
DA:106,0
FN:106,CoreWriterLib.convertEvmToCoreAmount
FNDA:0,CoreWriterLib.convertEvmToCoreAmount
DA:107,0
DA:109,0
BRDA:109,7,0,-
BRDA:109,7,1,-
DA:110,0
BRDA:110,8,0,-
BRDA:110,8,1,-
DA:111,0
DA:112,0
BRDA:112,9,0,-
DA:113,0
DA:115,0
BRDA:115,10,0,-
DA:116,0
DA:119,0
DA:122,0
FN:122,CoreWriterLib.convertCoreToEvmAmount
FNDA:0,CoreWriterLib.convertCoreToEvmAmount
DA:123,0
DA:124,0
BRDA:124,11,0,-
BRDA:124,11,1,-
DA:125,0
BRDA:125,12,0,-
BRDA:125,12,1,-
DA:126,0
DA:127,0
BRDA:127,13,0,-
DA:128,0
DA:130,0
BRDA:130,14,0,-
DA:131,0
DA:134,0
DA:137,0
FN:137,CoreWriterLib.hypeTokenIndex
FNDA:0,CoreWriterLib.hypeTokenIndex
DA:138,0
DA:144,0
FN:144,CoreWriterLib.delegateToken
FNDA:0,CoreWriterLib.delegateToken
DA:145,0
DA:150,0
FN:150,CoreWriterLib.depositStake
FNDA:0,CoreWriterLib.depositStake
DA:151,0
DA:154,0
FN:154,CoreWriterLib.withdrawStake
FNDA:0,CoreWriterLib.withdrawStake
DA:155,0
DA:162,0
FN:162,CoreWriterLib._canWithdrawFromVault
FNDA:0,CoreWriterLib._canWithdrawFromVault
DA:163,0
DA:165,0
DA:168,0
FN:168,CoreWriterLib.vaultTransfer
FNDA:0,CoreWriterLib.vaultTransfer
DA:169,0
BRDA:169,15,0,-
DA:170,0
DA:172,0
BRDA:172,16,0,-
DA:175,0
DA:180,0
FN:180,CoreWriterLib.transferUsdClass
FNDA:0,CoreWriterLib.transferUsdClass
DA:181,0
DA:186,0
FN:186,CoreWriterLib.placeLimitOrder
FNDA:0,CoreWriterLib.placeLimitOrder
DA:195,0
DA:204,0
FN:204,CoreWriterLib.addApiWallet
FNDA:0,CoreWriterLib.addApiWallet
DA:205,0
DA:208,0
FN:208,CoreWriterLib.cancelOrderByOrderId
FNDA:0,CoreWriterLib.cancelOrderByOrderId
DA:209,0
DA:214,0
FN:214,CoreWriterLib.cancelOrderByCloid
FNDA:0,CoreWriterLib.cancelOrderByCloid
DA:215,0
DA:220,0
FN:220,CoreWriterLib.finalizeEvmContract
FNDA:0,CoreWriterLib.finalizeEvmContract
DA:221,0
FNF:21
FNH:0
LF:80
LH:0
BRF:25
BRH:0
end_of_record
TN:
SF:src/PrecompileLib.sol
DA:42,1
FN:42,PrecompileLib.tokenInfo
FNDA:1,PrecompileLib.tokenInfo
DA:43,1
DA:44,1
DA:52,1
FN:52,PrecompileLib.spotInfo
FNDA:1,PrecompileLib.spotInfo
DA:53,1
DA:54,1
DA:55,1
DA:62,1
FN:62,PrecompileLib.spotPx
FNDA:1,PrecompileLib.spotPx
DA:63,1
DA:64,1
DA:65,1
DA:72,1
FN:72,PrecompileLib.spotBalance
FNDA:1,PrecompileLib.spotBalance
DA:73,1
DA:74,1
DA:80,6
FN:80,PrecompileLib.getTokenIndex
FNDA:6,PrecompileLib.getTokenIndex
DA:81,6
DA:88,4
FN:88,PrecompileLib.getSpotIndex
FNDA:4,PrecompileLib.getSpotIndex
DA:89,4
DA:91,4
DA:93,0
DA:94,0
DA:95,0
BRDA:95,1,0,-
DA:97,0
DA:100,0
DA:112,1
FN:112,PrecompileLib.getSpotIndex
FNDA:1,PrecompileLib.getSpotIndex
DA:113,1
DA:115,1
DA:116,1
DA:117,1
BRDA:117,2,0,1
DA:118,1
DA:121,0
DA:129,0
FN:129,PrecompileLib.spotInfo
FNDA:0,PrecompileLib.spotInfo
DA:130,0
DA:131,0
DA:132,0
DA:133,0
DA:141,0
FN:141,PrecompileLib.spotPx
FNDA:0,PrecompileLib.spotPx
DA:142,0
DA:143,0
DA:144,0
DA:145,0
DA:153,1
FN:153,PrecompileLib.normalizedSpotPx
FNDA:1,PrecompileLib.normalizedSpotPx
DA:154,1
DA:155,1
DA:156,1
DA:160,2
FN:160,PrecompileLib.normalizedMarkPx
FNDA:2,PrecompileLib.normalizedMarkPx
DA:161,2
DA:162,2
DA:166,2
FN:166,PrecompileLib.normalizedOraclePx
FNDA:2,PrecompileLib.normalizedOraclePx
DA:167,2
DA:168,2
DA:175,0
FN:175,PrecompileLib.position
FNDA:0,PrecompileLib.position
DA:176,0
DA:177,0
BRDA:177,3,0,-
DA:178,0
DA:181,1
FN:181,PrecompileLib.spotBalance
FNDA:1,PrecompileLib.spotBalance
DA:182,1
DA:183,1
BRDA:183,4,0,-
DA:184,1
DA:187,0
FN:187,PrecompileLib.userVaultEquity
FNDA:0,PrecompileLib.userVaultEquity
DA:188,0
DA:189,0
BRDA:189,5,0,-
DA:190,0
DA:193,0
FN:193,PrecompileLib.withdrawable
FNDA:0,PrecompileLib.withdrawable
DA:194,0
DA:195,0
BRDA:195,6,0,-
DA:196,0
DA:199,0
FN:199,PrecompileLib.delegations
FNDA:0,PrecompileLib.delegations
DA:200,0
DA:201,0
BRDA:201,7,0,-
DA:202,0
DA:205,0
FN:205,PrecompileLib.delegatorSummary
FNDA:0,PrecompileLib.delegatorSummary
DA:206,0
DA:207,0
BRDA:207,8,0,-
DA:208,0
DA:211,2
FN:211,PrecompileLib.markPx
FNDA:2,PrecompileLib.markPx
DA:212,2
DA:213,2
BRDA:213,9,0,-
DA:214,2
DA:217,2
FN:217,PrecompileLib.oraclePx
FNDA:2,PrecompileLib.oraclePx
DA:218,2
DA:219,2
BRDA:219,10,0,-
DA:220,2
DA:223,2
FN:223,PrecompileLib.spotPx
FNDA:2,PrecompileLib.spotPx
DA:224,2
DA:225,2
BRDA:225,11,0,-
DA:226,2
DA:229,4
FN:229,PrecompileLib.perpAssetInfo
FNDA:4,PrecompileLib.perpAssetInfo
DA:230,4
DA:231,4
BRDA:231,12,0,-
DA:232,4
DA:235,3
FN:235,PrecompileLib.spotInfo
FNDA:3,PrecompileLib.spotInfo
DA:236,3
DA:237,3
BRDA:237,13,0,-
DA:238,3
DA:241,7
FN:241,PrecompileLib.tokenInfo
FNDA:7,PrecompileLib.tokenInfo
DA:242,7
DA:243,7
BRDA:243,14,0,-
DA:244,7
DA:247,0
FN:247,PrecompileLib.tokenSupply
FNDA:0,PrecompileLib.tokenSupply
DA:248,0
DA:249,0
BRDA:249,15,0,-
DA:250,0
DA:253,1
FN:253,PrecompileLib.l1BlockNumber
FNDA:1,PrecompileLib.l1BlockNumber
DA:254,1
DA:255,1
BRDA:255,16,0,-
DA:256,1
DA:259,1
FN:259,PrecompileLib.bbo
FNDA:1,PrecompileLib.bbo
DA:260,1
DA:261,1
BRDA:261,17,0,-
DA:262,1
DA:265,1
FN:265,PrecompileLib.accountMarginSummary
FNDA:1,PrecompileLib.accountMarginSummary
DA:266,1
DA:267,1
BRDA:267,18,0,-
DA:268,1
DA:271,2
FN:271,PrecompileLib.coreUserExists
FNDA:2,PrecompileLib.coreUserExists
DA:272,2
DA:273,2
BRDA:273,19,0,-
DA:274,2
FNF:29
FNH:21
LF:119
LH:79
BRF:19
BRH:1
end_of_record
TN:
SF:src/examples/BridgingExample.sol
DA:25,0
FN:25,BridgingExample.bridgeToCoreById
FNDA:0,BridgingExample.bridgeToCoreById
DA:27,0
DA:33,0
FN:33,BridgingExample.bridgeToCoreByAddress
FNDA:0,BridgingExample.bridgeToCoreByAddress
DA:35,0
DA:45,0
FN:45,BridgingExample.bridgeToEvmById
FNDA:0,BridgingExample.bridgeToEvmById
DA:48,0
DA:54,0
FN:54,BridgingExample.bridgeToEvmByAddress
FNDA:0,BridgingExample.bridgeToEvmByAddress
DA:57,0
DA:64,0
FN:64,BridgingExample.bridgeHypeToEvm
FNDA:0,BridgingExample.bridgeHypeToEvm
DA:66,0
DA:76,0
FN:76,BridgingExample.bridgeToCoreAndSend
FNDA:0,BridgingExample.bridgeToCoreAndSend
DA:78,0
DA:81,0
DA:84,0
DA:87,0
DA:98,0
FN:98,BridgingExample.getTokenIndex
FNDA:0,BridgingExample.getTokenIndex
DA:99,0
FNF:7
FNH:0
LF:17
LH:0
BRF:0
BRH:0
end_of_record
TN:
SF:src/examples/ExampleContract.sol
DA:22,0
FN:22,ExampleContract.bridgeHypeAndStake
FNDA:0,ExampleContract.bridgeHypeAndStake
DA:24,0
DA:27,0
DA:30,0
DA:33,0
DA:40,0
FN:40,ExampleContract.bridgeHypeBackToEvm
FNDA:0,ExampleContract.bridgeHypeBackToEvm
DA:42,0
DA:48,0
FN:48,ExampleContract.undelegateTokens
FNDA:0,ExampleContract.undelegateTokens
DA:50,0
DA:56,0
FN:56,ExampleContract.undelegateAndWithdrawStake
FNDA:0,ExampleContract.undelegateAndWithdrawStake
DA:58,0
DA:61,0
DA:64,0
FN:64,ExampleContract.transferAllHypeToSender
FNDA:0,ExampleContract.transferAllHypeToSender
DA:65,0
DA:66,0
BRDA:66,0,0,-
BRDA:66,0,1,-
DA:67,0
DA:73,0
FN:73,ExampleContract.depositToVault
FNDA:0,ExampleContract.depositToVault
DA:74,0
DA:80,0
FN:80,ExampleContract.withdrawFromVault
FNDA:0,ExampleContract.withdrawFromVault
DA:81,0
DA:88,0
FN:88,ExampleContract.transferUsdcBetweenSpotAndPerp
FNDA:0,ExampleContract.transferUsdcBetweenSpotAndPerp
DA:89,0
DA:95,0
FN:95,ExampleContract.transferUsdc
FNDA:0,ExampleContract.transferUsdc
DA:96,0
DA:102,0
FN:102,ExampleContract.getVaultEquity
FNDA:0,ExampleContract.getVaultEquity
DA:107,0
DA:108,0
DA:121,0
FN:121,ExampleContract.placeLimitOrder
FNDA:0,ExampleContract.placeLimitOrder
DA:130,0
DA:138,0
FN:138,ExampleContract.cancelOrderByCloid
FNDA:0,ExampleContract.cancelOrderByCloid
DA:139,0
DA:147,0
FN:147,ExampleContract.transferUsdcToPerpAndDepositToVault
FNDA:0,ExampleContract.transferUsdcToPerpAndDepositToVault
DA:149,0
DA:152,0
FNF:13
FNH:0
LF:34
LH:0
BRF:2
BRH:0
end_of_record
TN:
SF:src/examples/StakingExample.sol
DA:18,0
FN:18,StakingExample.bridgeHypeAndStake
FNDA:0,StakingExample.bridgeHypeAndStake
DA:20,0
DA:23,0
DA:26,0
DA:29,0
DA:35,0
FN:35,StakingExample.undelegateTokens
FNDA:0,StakingExample.undelegateTokens
DA:37,0
DA:43,0
FN:43,StakingExample.undelegateAndWithdrawStake
FNDA:0,StakingExample.undelegateAndWithdrawStake
DA:45,0
DA:48,0
DA:54,0
FN:54,StakingExample.transferAllHypeToSender
FNDA:0,StakingExample.transferAllHypeToSender
DA:55,0
DA:56,0
BRDA:56,0,0,-
BRDA:56,0,1,-
DA:57,0
FNF:4
FNH:0
LF:14
LH:0
BRF:2
BRH:0
end_of_record
TN:
SF:src/examples/VaultExample.sol
DA:25,0
FN:25,VaultExample.depositToVault
FNDA:0,VaultExample.depositToVault
DA:26,0
DA:34,0
FN:34,VaultExample.withdrawFromVault
FNDA:0,VaultExample.withdrawFromVault
DA:35,0
DA:49,0
FN:49,VaultExample.withdrawFromVaultAndSend
FNDA:0,VaultExample.withdrawFromVaultAndSend
DA:50,0
DA:51,0
DA:52,0
DA:60,0
FN:60,VaultExample.transferUsdcToPerpAndDepositToVault
FNDA:0,VaultExample.transferUsdcToPerpAndDepositToVault
DA:62,0
DA:65,0
DA:79,0
FN:79,VaultExample.getVaultEquity
FNDA:0,VaultExample.getVaultEquity
DA:84,0
DA:85,0
DA:94,0
FN:94,VaultExample.isWithdrawable
FNDA:0,VaultExample.isWithdrawable
DA:95,0
DA:96,0
FNF:6
FNH:0
LF:17
LH:0
BRF:0
BRH:0
end_of_record
TN:
SF:src/registry/TokenRegistry.sol
DA:22,0
FN:22,TokenRegistry.getTokenIndex
FNDA:0,TokenRegistry.getTokenIndex
DA:23,0
DA:25,0
BRDA:25,0,0,-
DA:26,0
DA:29,0
DA:37,0
FN:37,TokenRegistry.setTokenInfo
FNDA:0,TokenRegistry.setTokenInfo
DA:39,0
DA:41,0
BRDA:41,1,0,-
DA:42,0
DA:45,0
DA:54,0
FN:54,TokenRegistry.batchSetTokenInfo
FNDA:0,TokenRegistry.batchSetTokenInfo
DA:55,0
DA:56,0
BRDA:56,2,0,-
DA:57,0
DA:67,0
FN:67,TokenRegistry.hasTokenIndex
FNDA:0,TokenRegistry.hasTokenIndex
DA:68,0
DA:69,0
DA:77,0
FN:77,TokenRegistry.getTokenAddress
FNDA:0,TokenRegistry.getTokenAddress
DA:78,0
DA:79,0
BRDA:79,3,0,-
BRDA:79,3,1,-
DA:80,0
DA:81,0
FNF:5
FNH:0
LF:22
LH:0
BRF:5
BRH:0
end_of_record
TN:
SF:test/BaseIntegrationTest.t.sol
DA:12,11
FN:12,BaseIntegrationTest.setUp
FNDA:11,BaseIntegrationTest.setUp
DA:13,11
DA:17,11
DA:18,187
DA:19,187
DA:23,187
FN:23,BaseIntegrationTest._initPrecompile
FNDA:187,BaseIntegrationTest._initPrecompile
DA:24,187
DA:25,187
DA:34,26
FN:34,MockPrecompile.fallback
FNDA:26,MockPrecompile.fallback
DA:35,26
DA:36,26
DA:37,26
DA:39,26
DA:42,26
FN:42,MockPrecompile._makeRpcCall
FNDA:26,MockPrecompile._makeRpcCall
DA:47,26
DA:48,26
DA:51,26
FNF:4
FNH:4
LF:17
LH:17
BRF:0
BRH:0
end_of_record
